{"numTotalTestSuites":37,"numPassedTestSuites":33,"numFailedTestSuites":4,"numPendingTestSuites":0,"numTotalTests":115,"numPassedTests":105,"numFailedTests":10,"numPendingTests":0,"numTodoTests":0,"snapshot":{"added":0,"failure":false,"filesAdded":0,"filesRemoved":0,"filesRemovedList":[],"filesUnmatched":0,"filesUpdated":0,"matched":0,"total":0,"unchecked":0,"uncheckedKeysByFile":[],"unmatched":0,"updated":0,"didUpdate":false},"startTime":1786432322385,"success":false,"testResults":[{"assertionResults":[{"ancestorTitles":["recurring create FE contract"],"fullName":"recurring create FE contract recurring API owns calendar CRUD","status":"passed","title":"recurring API owns calendar CRUD","duration":8.402599999999438,"failureMessages":[],"meta":{}},{"ancestorTitles":["recurring create FE contract"],"fullName":"recurring create FE contract task editor rejects recurring while timeline uses calendar create","status":"failed","title":"task editor rejects recurring while timeline uses calendar create","duration":16.521699999999328,"failureMessages":["AssertionError: expected 'import type React from \"react\";\\nimpo…' to match /Recurring series must be edited from …/\n    at C:\\Users\\Wing\\Desktop\\IntelligenceMonitor\\web\\src\\api\\recurringCreate.contract.test.ts:28:25\n    at file:///C:/Users/Wing/Desktop/IntelligenceMonitor/node_modules/@vitest/runner/dist/chunk-hooks.js:155:11\n    at file:///C:/Users/Wing/Desktop/IntelligenceMonitor/node_modules/@vitest/runner/dist/chunk-hooks.js:752:26\n    at file:///C:/Users/Wing/Desktop/IntelligenceMonitor/node_modules/@vitest/runner/dist/chunk-hooks.js:1897:20\n    at new Promise (<anonymous>)\n    at runWithTimeout (file:///C:/Users/Wing/Desktop/IntelligenceMonitor/node_modules/@vitest/runner/dist/chunk-hooks.js:1863:10)\n    at runTest (file:///C:/Users/Wing/Desktop/IntelligenceMonitor/node_modules/@vitest/runner/dist/chunk-hooks.js:1574:12)\n    at processTicksAndRejections (node:internal/process/task_queues:105:5)\n    at runSuite (file:///C:/Users/Wing/Desktop/IntelligenceMonitor/node_modules/@vitest/runner/dist/chunk-hooks.js:1729:8)\n    at runSuite (file:///C:/Users/Wing/Desktop/IntelligenceMonitor/node_modules/@vitest/runner/dist/chunk-hooks.js:1729:8)"],"meta":{}},{"ancestorTitles":["recurring create FE contract"],"fullName":"recurring create FE contract removes task recurring and schedule clients","status":"passed","title":"removes task recurring and schedule clients","duration":2.3766999999998006,"failureMessages":[],"meta":{}}],"startTime":1786432328624,"endTime":1786432328651.3767,"status":"failed","message":"","name":"C:/Users/Wing/Desktop/IntelligenceMonitor/web/src/api/recurringCreate.contract.test.ts"},{"assertionResults":[{"ancestorTitles":["recurringSeries API"],"fullName":"recurringSeries API lists with calendar filters and paging","status":"passed","title":"lists with calendar filters and paging","duration":9.670799999999872,"failureMessages":[],"meta":{}},{"ancestorTitles":["recurringSeries API"],"fullName":"recurringSeries API uses standalone CRUD endpoints","status":"passed","title":"uses standalone CRUD endpoints","duration":3.307600000000093,"failureMessages":[],"meta":{}}],"startTime":1786432328715,"endTime":1786432328728.3076,"status":"passed","message":"","name":"C:/Users/Wing/Desktop/IntelligenceMonitor/web/src/api/recurringSeries.test.ts"},{"assertionResults":[{"ancestorTitles":["user events API contract"],"fullName":"user events API contract lists events with the requested overlap window","status":"passed","title":"lists events with the requested overlap window","duration":10.270700000000033,"failureMessages":[],"meta":{}},{"ancestorTitles":["user events API contract"],"fullName":"user events API contract preserves the generated a2a origin contract","status":"passed","title":"preserves the generated a2a origin contract","duration":3.556800000000294,"failureMessages":[],"meta":{}},{"ancestorTitles":["user events API contract"],"fullName":"user events API contract forwards taskId on list when provided","status":"passed","title":"forwards taskId on list when provided","duration":1.3320000000003347,"failureMessages":[],"meta":{}},{"ancestorTitles":["user events API contract"],"fullName":"user events API contract forwards search and paging params and returns the page envelope","status":"passed","title":"forwards search and paging params and returns the page envelope","duration":1.9216999999998734,"failureMessages":[],"meta":{}},{"ancestorTitles":["user events API contract"],"fullName":"user events API contract creates a manual REST event without a client-controlled origin","status":"passed","title":"creates a manual REST event without a client-controlled origin","duration":1.4948000000003958,"failureMessages":[],"meta":{}},{"ancestorTitles":["user events API contract"],"fullName":"user events API contract forwards real provenance taskId on create","status":"passed","title":"forwards real provenance taskId on create","duration":1.6552000000001499,"failureMessages":[],"meta":{}},{"ancestorTitles":["user events API contract"],"fullName":"user events API contract strips fake __user__ taskId on create (worksetId __user__ stays live)","status":"passed","title":"strips fake __user__ taskId on create (worksetId __user__ stays live)","duration":1.1201000000000931,"failureMessages":[],"meta":{}},{"ancestorTitles":["user events API contract"],"fullName":"user events API contract forwards isAllDay on create","status":"passed","title":"forwards isAllDay on create","duration":1.1531000000004497,"failureMessages":[],"meta":{}},{"ancestorTitles":["user events API contract"],"fullName":"user events API contract patches only supplied editable fields","status":"passed","title":"patches only supplied editable fields","duration":2.0424000000002707,"failureMessages":[],"meta":{}},{"ancestorTitles":["user events API contract"],"fullName":"user events API contract patches isAllDay when provided","status":"passed","title":"patches isAllDay when provided","duration":1.59020000000055,"failureMessages":[],"meta":{}},{"ancestorTitles":["user events API contract"],"fullName":"user events API contract patches taskId when provided","status":"passed","title":"patches taskId when provided","duration":1.3542000000006738,"failureMessages":[],"meta":{}},{"ancestorTitles":["user events API contract"],"fullName":"user events API contract strips fake __user__ taskId on patch","status":"passed","title":"strips fake __user__ taskId on patch","duration":0.8207000000002154,"failureMessages":[],"meta":{}},{"ancestorTitles":["user events API contract"],"fullName":"user events API contract deletes by event id","status":"passed","title":"deletes by event id","duration":0.7734000000000378,"failureMessages":[],"meta":{}},{"ancestorTitles":["user events API contract"],"fullName":"user events API contract forwards itemId on create and list","status":"passed","title":"forwards itemId on create and list","duration":1.140599999999722,"failureMessages":[],"meta":{}}],"startTime":1786432328759,"endTime":1786432328789.1406,"status":"passed","message":"","name":"C:/Users/Wing/Desktop/IntelligenceMonitor/web/src/api/userEvents.test.ts"},{"assertionResults":[{"ancestorTitles":["CalendarImportHost"],"fullName":"CalendarImportHost previews all items, commits supported selections, and shows results","status":"passed","title":"previews all items, commits supported selections, and shows results","duration":178.71169999999984,"failureMessages":[],"meta":{}},{"ancestorTitles":["CalendarImportHost"],"fullName":"CalendarImportHost selects all importable items and clears selection","status":"passed","title":"selects all importable items and clears selection","duration":47.777500000000146,"failureMessages":[],"meta":{}},{"ancestorTitles":["CalendarImportHost"],"fullName":"CalendarImportHost toasts on import error push","status":"passed","title":"toasts on import error push","duration":3.657999999999447,"failureMessages":[],"meta":{}}],"startTime":1786432330890,"endTime":1786432331120.658,"status":"passed","message":"","name":"C:/Users/Wing/Desktop/IntelligenceMonitor/web/src/components/calendar/CalendarImportHost.test.tsx"},{"assertionResults":[{"ancestorTitles":["UserEventDialog"],"fullName":"UserEventDialog renders create title and submits trimmed values with default __user__ workset","status":"passed","title":"renders create title and submits trimmed values with default __user__ workset","duration":273.2445000000007,"failureMessages":[],"meta":{}},{"ancestorTitles":["UserEventDialog"],"fullName":"UserEventDialog hides finance fields for title Purchased when calendarKind is normal","status":"passed","title":"hides finance fields for title Purchased when calendarKind is normal","duration":37.89190000000053,"failureMessages":[],"meta":{}},{"ancestorTitles":["UserEventDialog"],"fullName":"UserEventDialog shows special calendar-kind badge and keeps kind when title is renamed","status":"passed","title":"shows special calendar-kind badge and keeps kind when title is renamed","duration":76.19130000000041,"failureMessages":[],"meta":{}},{"ancestorTitles":["UserEventDialog"],"fullName":"UserEventDialog keeps purchase finance visible after renaming away from preset title","status":"passed","title":"keeps purchase finance visible after renaming away from preset title","duration":65.82209999999941,"failureMessages":[],"meta":{}},{"ancestorTitles":["UserEventDialog"],"fullName":"UserEventDialog submits amount and income direction from finance fields","status":"passed","title":"submits amount and income direction from finance fields","duration":69.76060000000143,"failureMessages":[],"meta":{}},{"ancestorTitles":["UserEventDialog"],"fullName":"UserEventDialog preserves datetime across one_off ↔ recurring kind switches","status":"passed","title":"preserves datetime across one_off ↔ recurring kind switches","duration":97.12089999999989,"failureMessages":[],"meta":{}},{"ancestorTitles":["UserEventDialog"],"fullName":"UserEventDialog shows overnight hint when recurring end is before start","status":"passed","title":"shows overnight hint when recurring end is before start","duration":50.66949999999997,"failureMessages":[],"meta":{}},{"ancestorTitles":["UserEventDialog"],"fullName":"UserEventDialog switches to recurring and submits RRULE + clock fields","status":"passed","title":"switches to recurring and submits RRULE + clock fields","duration":75.84889999999905,"failureMessages":[],"meta":{}},{"ancestorTitles":["UserEventDialog"],"fullName":"UserEventDialog hides kind switch in edit mode","status":"passed","title":"hides kind switch in edit mode","duration":32.79529999999977,"failureMessages":[],"meta":{}},{"ancestorTitles":["UserEventDialog"],"fullName":"UserEventDialog keeps typed start time when parent re-renders with a fresh initial object","status":"passed","title":"keeps typed start time when parent re-renders with a fresh initial object","duration":42.867999999998574,"failureMessages":[],"meta":{}},{"ancestorTitles":["UserEventDialog"],"fullName":"UserEventDialog interpolates day-preset labels and applies 00:00–23:59 range","status":"passed","title":"interpolates day-preset labels and applies 00:00–23:59 range","duration":42.55340000000069,"failureMessages":[],"meta":{}},{"ancestorTitles":["UserEventDialog"],"fullName":"UserEventDialog submits all-day ranges with exclusive wire end and isAllDay","status":"passed","title":"submits all-day ranges with exclusive wire end and isAllDay","duration":63.97899999999936,"failureMessages":[],"meta":{}},{"ancestorTitles":["UserEventDialog"],"fullName":"UserEventDialog prefills worksetId on edit and submits the selected workset","status":"passed","title":"prefills worksetId on edit and submits the selected workset","duration":42.271200000001045,"failureMessages":[],"meta":{}},{"ancestorTitles":["UserEventDialog"],"fullName":"UserEventDialog hides parent-item picker by default on generic create","status":"passed","title":"hides parent-item picker by default on generic create","duration":29.26510000000053,"failureMessages":[],"meta":{}},{"ancestorTitles":["UserEventDialog"],"fullName":"UserEventDialog shows read-only parent item when mode is readonly with itemId","status":"passed","title":"shows read-only parent item when mode is readonly with itemId","duration":34.59510000000046,"failureMessages":[],"meta":{}},{"ancestorTitles":["UserEventDialog"],"fullName":"UserEventDialog hides workset picker when worksetMode is hidden","status":"passed","title":"hides workset picker when worksetMode is hidden","duration":39.39000000000124,"failureMessages":[],"meta":{}}],"startTime":1786432331410,"endTime":1786432332485.39,"status":"passed","message":"","name":"C:/Users/Wing/Desktop/IntelligenceMonitor/web/src/components/calendar/UserEventDialog.test.tsx"},{"assertionResults":[{"ancestorTitles":["analysisModeCapabilities — agent / finding modes"],"fullName":"analysisModeCapabilities — agent / finding modes orders the three analysis modes","status":"passed","title":"orders the three analysis modes","duration":10.207999999999629,"failureMessages":[],"meta":{}},{"ancestorTitles":["analysisModeCapabilities — agent / finding modes"],"fullName":"analysisModeCapabilities — agent / finding modes treats intel_event + agent as analysis_events (Intelligence / Timeline / Board)","status":"passed","title":"treats intel_event + agent as analysis_events (Intelligence / Timeline / Board)","duration":2.128500000000713,"failureMessages":[],"meta":{}},{"ancestorTitles":["analysisModeCapabilities — agent / finding modes"],"fullName":"analysisModeCapabilities — agent / finding modes marks agent as AI + schedulable + timeline-owning without message batches","status":"passed","title":"marks agent as AI + schedulable + timeline-owning without message batches","duration":1.9436000000005151,"failureMessages":[],"meta":{}},{"ancestorTitles":["analysisModeCapabilities — agent / finding modes"],"fullName":"analysisModeCapabilities — agent / finding modes gates intelligence refresh on agent outputAnalysisEvents","status":"passed","title":"gates intelligence refresh on agent outputAnalysisEvents","duration":1.3683000000000902,"failureMessages":[],"meta":{}}],"startTime":1786432328697,"endTime":1786432328712.3684,"status":"passed","message":"","name":"C:/Users/Wing/Desktop/IntelligenceMonitor/web/src/domain/tasks/analysisModeCapabilities.test.ts"},{"assertionResults":[{"ancestorTitles":["taskEmployee"],"fullName":"taskEmployee maps every analysis mode to an employee and back","status":"passed","title":"maps every analysis mode to an employee and back","duration":7.834599999999227,"failureMessages":[],"meta":{}},{"ancestorTitles":["taskEmployee"],"fullName":"taskEmployee covers Tasks picker order without recurring (schedule owns recurring)","status":"passed","title":"covers Tasks picker order without recurring (schedule owns recurring)","duration":4.035599999999249,"failureMessages":[],"meta":{}},{"ancestorTitles":["taskEmployee"],"fullName":"taskEmployee maps task types to AiStaff ids","status":"passed","title":"maps task types to AiStaff ids","duration":1.4286999999994805,"failureMessages":[],"meta":{}},{"ancestorTitles":["taskEmployee"],"fullName":"taskEmployee marks all analysis task types as AI","status":"passed","title":"marks all analysis task types as AI","duration":1.2692999999999302,"failureMessages":[],"meta":{}}],"startTime":1786432328695,"endTime":1786432328709.2693,"status":"passed","message":"","name":"C:/Users/Wing/Desktop/IntelligenceMonitor/web/src/domain/tasks/taskEmployee.test.ts"},{"assertionResults":[{"ancestorTitles":["createRecurringTimelineEvent"],"fullName":"createRecurringTimelineEvent posts a single atomic recurring create","status":"passed","title":"posts a single atomic recurring create","duration":11.430199999999786,"failureMessages":[],"meta":{}},{"ancestorTitles":["createRecurringTimelineEvent"],"fullName":"createRecurringTimelineEvent forwards parent itemId on recurring create","status":"passed","title":"forwards parent itemId on recurring create","duration":4.631199999999808,"failureMessages":[],"meta":{}},{"ancestorTitles":["createRecurringTimelineEvent"],"fullName":"createRecurringTimelineEvent omits clocks for all-day recurring plans","status":"passed","title":"omits clocks for all-day recurring plans","duration":1.8608000000003813,"failureMessages":[],"meta":{}},{"ancestorTitles":["createRecurringTimelineEvent"],"fullName":"createRecurringTimelineEvent rejects missing title or rrule before calling the API","status":"passed","title":"rejects missing title or rrule before calling the API","duration":3.866899999999987,"failureMessages":[],"meta":{}}],"startTime":1786432328973,"endTime":1786432328994.867,"status":"passed","message":"","name":"C:/Users/Wing/Desktop/IntelligenceMonitor/web/src/domain/timeline/createRecurringTimelineEvent.test.ts"},{"assertionResults":[{"ancestorTitles":["mergeScheduleList"],"fullName":"mergeScheduleList mixes one-off and recurring sorted by newest activity","status":"passed","title":"mixes one-off and recurring sorted by newest activity","duration":34.259399999999914,"failureMessages":[],"meta":{}}],"startTime":1786432328640,"endTime":1786432328674.2595,"status":"passed","message":"","name":"C:/Users/Wing/Desktop/IntelligenceMonitor/web/src/pages/schedule/scheduleList.test.ts"},{"assertionResults":[{"ancestorTitles":["SchedulePage"],"fullName":"SchedulePage renders unified list without tab split","status":"passed","title":"renders unified list without tab split","duration":189.7451999999994,"failureMessages":[],"meta":{}},{"ancestorTitles":["SchedulePage"],"fullName":"SchedulePage navigates to series editor when recurring edit is clicked","status":"passed","title":"navigates to series editor when recurring edit is clicked","duration":67.42749999999978,"failureMessages":[],"meta":{}}],"startTime":1786432331342,"endTime":1786432331599.4275,"status":"passed","message":"","name":"C:/Users/Wing/Desktop/IntelligenceMonitor/web/src/pages/schedule/SchedulePage.test.tsx"},{"assertionResults":[{"ancestorTitles":["useTimelineData calendar occurrence wiring"],"fullName":"useTimelineData calendar occurrence wiring fetches calendar occurrences with a window padded around the visible range","status":"passed","title":"fetches calendar occurrences with a window padded around the visible range","duration":61.913800000000265,"failureMessages":[],"meta":{}},{"ancestorTitles":["useTimelineData calendar occurrence wiring"],"fullName":"useTimelineData calendar occurrence wiring fetches all timed analysis pages within the same padded visible window","status":"passed","title":"fetches all timed analysis pages within the same padded visible window","duration":15.363400000000183,"failureMessages":[],"meta":{}},{"ancestorTitles":["useTimelineData calendar occurrence wiring"],"fullName":"useTimelineData calendar occurrence wiring merges adapted occurrences into events in the all-tasks view","status":"failed","title":"merges adapted occurrences into events in the all-tasks view","duration":32.17919999999958,"failureMessages":["AssertionError: expected [] to have a length of 1 but got +0\n    at Proxy.<anonymous> (file:///C:/Users/Wing/Desktop/IntelligenceMonitor/node_modules/@vitest/expect/dist/index.js:1257:20)\n    at Proxy.<anonymous> (file:///C:/Users/Wing/Desktop/IntelligenceMonitor/node_modules/@vitest/expect/dist/index.js:1029:14)\n    at Proxy.methodWrapper (file:///C:/Users/Wing/Desktop/IntelligenceMonitor/node_modules/chai/index.js:1686:25)\n    at C:\\Users\\Wing\\Desktop\\IntelligenceMonitor\\web\\src\\pages\\timeline\\useTimelineData.calendar.test.tsx:171:20\n    at file:///C:/Users/Wing/Desktop/IntelligenceMonitor/node_modules/@vitest/runner/dist/chunk-hooks.js:752:20"],"meta":{}},{"ancestorTitles":["useTimelineData calendar occurrence wiring"],"fullName":"useTimelineData calendar occurrence wiring merges user events into the all-tasks view","status":"failed","title":"merges user events into the all-tasks view","duration":11.935599999999795,"failureMessages":["AssertionError: expected false to be true // Object.is equality\n    at C:\\Users\\Wing\\Desktop\\IntelligenceMonitor\\web\\src\\pages\\timeline\\useTimelineData.calendar.test.tsx:197:72\n    at file:///C:/Users/Wing/Desktop/IntelligenceMonitor/node_modules/@vitest/runner/dist/chunk-hooks.js:752:20"],"meta":{}},{"ancestorTitles":["useTimelineData calendar occurrence wiring"],"fullName":"useTimelineData calendar occurrence wiring excludes B-owned user_events when only workset A is selected (no provenance leak)","status":"failed","title":"excludes B-owned user_events when only workset A is selected (no provenance leak)","duration":13.180699999999888,"failureMessages":["AssertionError: expected [] to deeply equal [ 'ue-owned-a' ]\n    at C:\\Users\\Wing\\Desktop\\IntelligenceMonitor\\web\\src\\pages\\timeline\\useTimelineData.calendar.test.tsx:245:56\n    at file:///C:/Users/Wing/Desktop/IntelligenceMonitor/node_modules/@vitest/runner/dist/chunk-hooks.js:752:20"],"meta":{}},{"ancestorTitles":["useTimelineData calendar occurrence wiring"],"fullName":"useTimelineData calendar occurrence wiring shows all user events owned by the general workset when __user__ is selected","status":"failed","title":"shows all user events owned by the general workset when __user__ is selected","duration":12.818599999999606,"failureMessages":["AssertionError: expected [] to deeply equal [ 'ue-only', 'ue-tagged-same-ws' ]\n    at C:\\Users\\Wing\\Desktop\\IntelligenceMonitor\\web\\src\\pages\\timeline\\useTimelineData.calendar.test.tsx:299:44\n    at file:///C:/Users/Wing/Desktop/IntelligenceMonitor/node_modules/@vitest/runner/dist/chunk-hooks.js:752:20"],"meta":{}},{"ancestorTitles":["useTimelineData calendar occurrence wiring"],"fullName":"useTimelineData calendar occurrence wiring does not merge calendar occurrences when an event-mode task is selected","status":"passed","title":"does not merge calendar occurrences when an event-mode task is selected","duration":12.238200000000688,"failureMessages":[],"meta":{}},{"ancestorTitles":["useTimelineData calendar occurrence wiring"],"fullName":"useTimelineData calendar occurrence wiring merges tagged user events when an event-mode task is selected","status":"failed","title":"merges tagged user events when an event-mode task is selected","duration":11.744400000000496,"failureMessages":["AssertionError: expected [] to deeply equal [ 'analysis-1', 'ue-match' ]\n    at C:\\Users\\Wing\\Desktop\\IntelligenceMonitor\\web\\src\\pages\\timeline\\useTimelineData.calendar.test.tsx:385:17\n    at file:///C:/Users/Wing/Desktop/IntelligenceMonitor/node_modules/@vitest/runner/dist/chunk-hooks.js:752:20"],"meta":{}},{"ancestorTitles":["useTimelineData calendar occurrence wiring"],"fullName":"useTimelineData calendar occurrence wiring filters standalone recurring occurrences by workset","status":"failed","title":"filters standalone recurring occurrences by workset","duration":18.646899999999732,"failureMessages":["AssertionError: expected [] to have a length of 1 but got +0\n    at Proxy.<anonymous> (file:///C:/Users/Wing/Desktop/IntelligenceMonitor/node_modules/@vitest/expect/dist/index.js:1257:20)\n    at Proxy.<anonymous> (file:///C:/Users/Wing/Desktop/IntelligenceMonitor/node_modules/@vitest/expect/dist/index.js:1029:14)\n    at Proxy.methodWrapper (file:///C:/Users/Wing/Desktop/IntelligenceMonitor/node_modules/chai/index.js:1686:25)\n    at C:\\Users\\Wing\\Desktop\\IntelligenceMonitor\\web\\src\\pages\\timeline\\useTimelineData.calendar.test.tsx:398:20\n    at file:///C:/Users/Wing/Desktop/IntelligenceMonitor/node_modules/@vitest/runner/dist/chunk-hooks.js:752:20"],"meta":{}},{"ancestorTitles":["useTimelineData calendar occurrence wiring"],"fullName":"useTimelineData calendar occurrence wiring refreshEvents fetches standalone recurring rows without a task catalog override","status":"failed","title":"refreshEvents fetches standalone recurring rows without a task catalog override","duration":135.16899999999987,"failureMessages":["AssertionError: expected [] to have a length of 2 but got +0\n    at Proxy.<anonymous> (file:///C:/Users/Wing/Desktop/IntelligenceMonitor/node_modules/@vitest/expect/dist/index.js:1257:20)\n    at Proxy.<anonymous> (file:///C:/Users/Wing/Desktop/IntelligenceMonitor/node_modules/@vitest/expect/dist/index.js:1029:14)\n    at Proxy.methodWrapper (file:///C:/Users/Wing/Desktop/IntelligenceMonitor/node_modules/chai/index.js:1686:25)\n    at C:\\Users\\Wing\\Desktop\\IntelligenceMonitor\\web\\src\\pages\\timeline\\useTimelineData.calendar.test.tsx:442:60\n    at file:///C:/Users/Wing/Desktop/IntelligenceMonitor/node_modules/@vitest/runner/dist/chunk-hooks.js:752:20"],"meta":{}},{"ancestorTitles":["useTimelineData calendar occurrence wiring"],"fullName":"useTimelineData calendar occurrence wiring includes timeline-owning analysis modes in timelineTasks","status":"passed","title":"includes timeline-owning analysis modes in timelineTasks","duration":20.949899999999616,"failureMessages":[],"meta":{}},{"ancestorTitles":["useTimelineData calendar occurrence wiring"],"fullName":"useTimelineData calendar occurrence wiring merges source=item calendar rows and refreshes on item SSE","status":"failed","title":"merges source=item calendar rows and refreshes on item SSE","duration":9.445300000000316,"failureMessages":["AssertionError: expected undefined to be 'item:i1:remind' // Object.is equality\n    at C:\\Users\\Wing\\Desktop\\IntelligenceMonitor\\web\\src\\pages\\timeline\\useTimelineData.calendar.test.tsx:495:27\n    at file:///C:/Users/Wing/Desktop/IntelligenceMonitor/node_modules/@vitest/runner/dist/chunk-hooks.js:752:20"],"meta":{}},{"ancestorTitles":["useTimelineData calendar occurrence wiring"],"fullName":"useTimelineData calendar occurrence wiring refreshes user events after user_event SSE","status":"passed","title":"refreshes user events after user_event SSE","duration":13.773999999999432,"failureMessages":[],"meta":{}},{"ancestorTitles":["useTimelineData calendar occurrence wiring"],"fullName":"useTimelineData calendar occurrence wiring refreshes calendar without refreshing tasks after recurring SSE","status":"passed","title":"refreshes calendar without refreshing tasks after recurring SSE","duration":14.272100000000137,"failureMessages":[],"meta":{}},{"ancestorTitles":["useTimelineData calendar occurrence wiring"],"fullName":"useTimelineData calendar occurrence wiring refreshes catalog before calendar fetch when a task row changes","status":"passed","title":"refreshes catalog before calendar fetch when a task row changes","duration":11.500500000000102,"failureMessages":[],"meta":{}},{"ancestorTitles":["useTimelineData calendar occurrence wiring"],"fullName":"useTimelineData calendar occurrence wiring drops inactive analysis tasks from the assignable timeline task list","status":"passed","title":"drops inactive analysis tasks from the assignable timeline task list","duration":12.101200000000063,"failureMessages":[],"meta":{}},{"ancestorTitles":["useTimelineData calendar occurrence wiring"],"fullName":"useTimelineData calendar occurrence wiring surfaces a calendar occurrence fetch failure instead of an empty calendar","status":"passed","title":"surfaces a calendar occurrence fetch failure instead of an empty calendar","duration":10.982599999999366,"failureMessages":[],"meta":{}},{"ancestorTitles":["useTimelineData calendar occurrence wiring"],"fullName":"useTimelineData calendar occurrence wiring surfaces a user event fetch failure instead of an empty calendar","status":"passed","title":"surfaces a user event fetch failure instead of an empty calendar","duration":11.028699999999844,"failureMessages":[],"meta":{}},{"ancestorTitles":["useTimelineData calendar occurrence wiring"],"fullName":"useTimelineData calendar occurrence wiring leaves schedule events untouched when there are no occurrences","status":"failed","title":"leaves schedule events untouched when there are no occurrences","duration":18.141999999999825,"failureMessages":["AssertionError: expected [] to deeply equal [ Array(1) ]\n    at C:\\Users\\Wing\\Desktop\\IntelligenceMonitor\\web\\src\\pages\\timeline\\useTimelineData.calendar.test.tsx:653:39\n    at file:///C:/Users/Wing/Desktop/IntelligenceMonitor/node_modules/@vitest/runner/dist/chunk-hooks.js:752:20"],"meta":{}}],"startTime":1786432330072,"endTime":1786432330520.142,"status":"failed","message":"","name":"C:/Users/Wing/Desktop/IntelligenceMonitor/web/src/pages/timeline/useTimelineData.calendar.test.tsx"},{"assertionResults":[{"ancestorTitles":["ItemForm linked calendars"],"fullName":"ItemForm linked calendars shows linked-calendars section and opens in-place create when editing","status":"passed","title":"shows linked-calendars section and opens in-place create when editing","duration":352.84900000000016,"failureMessages":[],"meta":{}},{"ancestorTitles":["ItemForm linked calendars"],"fullName":"ItemForm linked calendars opens edit dialog when clicking a one-off linked calendar row","status":"passed","title":"opens edit dialog when clicking a one-off linked calendar row","duration":68.13310000000092,"failureMessages":[],"meta":{}},{"ancestorTitles":["ItemForm linked calendars"],"fullName":"ItemForm linked calendars shows linked-calendars section on create with title-required hint when empty","status":"passed","title":"shows linked-calendars section on create with title-required hint when empty","duration":32.14440000000104,"failureMessages":[],"meta":{}},{"ancestorTitles":["ItemForm linked calendars"],"fullName":"ItemForm linked calendars hides create hint after title is filled (auto-save needs no essay)","status":"passed","title":"hides create hint after title is filled (auto-save needs no essay)","duration":37.17400000000089,"failureMessages":[],"meta":{}},{"ancestorTitles":["ItemForm linked calendars"],"fullName":"ItemForm linked calendars auto-saves item and opens linked calendar dialog on create","status":"passed","title":"auto-saves item and opens linked calendar dialog on create","duration":77.97759999999835,"failureMessages":[],"meta":{}},{"ancestorTitles":["ItemForm linked calendars"],"fullName":"ItemForm linked calendars opens create dialog with title + all-day for quick Expires only","status":"passed","title":"opens create dialog with title + all-day for quick Expires only","duration":55.28660000000127,"failureMessages":[],"meta":{}},{"ancestorTitles":["ItemForm linked calendars"],"fullName":"ItemForm linked calendars prefills category default remind on add expiry calendar","status":"passed","title":"prefills category default remind on add expiry calendar","duration":45.4372000000003,"failureMessages":[],"meta":{}},{"ancestorTitles":["ItemForm linked calendars"],"fullName":"ItemForm linked calendars creates linked calendar with item workset and no workset picker","status":"passed","title":"creates linked calendar with item workset and no workset picker","duration":66.09689999999864,"failureMessages":[],"meta":{}},{"ancestorTitles":["ItemForm linked calendars"],"fullName":"ItemForm linked calendars shows unified expiry chip with kind badge and no feature callout","status":"passed","title":"shows unified expiry chip with kind badge and no feature callout","duration":29.839099999999235,"failureMessages":[],"meta":{}},{"ancestorTitles":["ItemForm linked calendars"],"fullName":"ItemForm linked calendars marks primary expiry when multiple expires exist","status":"passed","title":"marks primary expiry when multiple expires exist","duration":30.875299999999697,"failureMessages":[],"meta":{}},{"ancestorTitles":["ItemForm linked calendars"],"fullName":"ItemForm linked calendars shows purchase direction badge on purchase_effective chips","status":"passed","title":"shows purchase direction badge on purchase_effective chips","duration":20.911599999999453,"failureMessages":[],"meta":{}},{"ancestorTitles":["ItemForm linked calendars"],"fullName":"ItemForm linked calendars keeps expires badge when linked expiry title is customized","status":"passed","title":"keeps expires badge when linked expiry title is customized","duration":24.442700000001423,"failureMessages":[],"meta":{}},{"ancestorTitles":["ItemForm linked calendars"],"fullName":"ItemForm linked calendars does not treat normal events titled 到期 as expiry chips","status":"passed","title":"does not treat normal events titled 到期 as expiry chips","duration":25.208300000000236,"failureMessages":[],"meta":{}},{"ancestorTitles":["ItemForm linked calendars"],"fullName":"ItemForm linked calendars soft-deletes a linked one-off calendar after confirm","status":"passed","title":"soft-deletes a linked one-off calendar after confirm","duration":39.15769999999975,"failureMessages":[],"meta":{}},{"ancestorTitles":["ItemForm linked calendars"],"fullName":"ItemForm linked calendars shows one add control that opens a mode menu","status":"passed","title":"shows one add control that opens a mode menu","duration":33.194799999999304,"failureMessages":[],"meta":{}},{"ancestorTitles":["ItemForm linked calendars"],"fullName":"ItemForm linked calendars allows creating another expiry calendar when one already exists","status":"passed","title":"allows creating another expiry calendar when one already exists","duration":106.90160000000105,"failureMessages":[],"meta":{}}],"startTime":1786432332284,"endTime":1786432333329.9016,"status":"passed","message":"","name":"C:/Users/Wing/Desktop/IntelligenceMonitor/web/src/pages/items/form/ItemFormLinkedCalendars.test.tsx"},{"assertionResults":[{"ancestorTitles":["AgentDetailPage"],"fullName":"AgentDetailPage renders project overview and child recurring list","status":"passed","title":"renders project overview and child recurring list","duration":257.15760000000046,"failureMessages":[],"meta":{}},{"ancestorTitles":["AgentDetailPage"],"fullName":"AgentDetailPage redirects when task is not a project","status":"passed","title":"redirects when task is not a project","duration":16.94750000000022,"failureMessages":[],"meta":{}}],"startTime":1786432332153,"endTime":1786432332427.9475,"status":"passed","message":"","name":"C:/Users/Wing/Desktop/IntelligenceMonitor/web/src/pages/tasks/agent/AgentDetailPage.test.tsx"},{"assertionResults":[{"ancestorTitles":["TimelineGanttView","empty state rendering"],"fullName":"TimelineGanttView empty state rendering renders empty state message when there are no events (Requirement 2.1)","status":"passed","title":"renders empty state message when there are no events (Requirement 2.1)","duration":42.662100000000464,"failureMessages":[],"meta":{}},{"ancestorTitles":["TimelineGanttView","empty state rendering"],"fullName":"TimelineGanttView empty state rendering keeps gantt framework visible when task has no events","status":"passed","title":"keeps gantt framework visible when task has no events","duration":17.216600000000653,"failureMessages":[],"meta":{}},{"ancestorTitles":["TimelineGanttView","error state rendering"],"fullName":"TimelineGanttView error state rendering renders error message and retry button (Requirement 1.4)","status":"passed","title":"renders error message and retry button (Requirement 1.4)","duration":15.64509999999973,"failureMessages":[],"meta":{}},{"ancestorTitles":["TimelineGanttView","loading state rendering"],"fullName":"TimelineGanttView loading state rendering renders loading indicator while fetching","status":"passed","title":"renders loading indicator while fetching","duration":5.631199999999808,"failureMessages":[],"meta":{}},{"ancestorTitles":["TimelineGanttView","loading state rendering"],"fullName":"TimelineGanttView loading state rendering keeps gantt content visible while refreshing","status":"passed","title":"keeps gantt content visible while refreshing","duration":102.20380000000023,"failureMessages":[],"meta":{}},{"ancestorTitles":["TimelineGanttView","loading state rendering"],"fullName":"TimelineGanttView loading state rendering provides a vertical scroll region for many event rows","status":"passed","title":"provides a vertical scroll region for many event rows","duration":147.41299999999956,"failureMessages":[],"meta":{}},{"ancestorTitles":["TimelineGanttView","event row rendering"],"fullName":"TimelineGanttView event row rendering renders one Event_Row per visible non-recurring TimelineItem (Requirement 3.1)","status":"passed","title":"renders one Event_Row per visible non-recurring TimelineItem (Requirement 3.1)","duration":52.57120000000032,"failureMessages":[],"meta":{}},{"ancestorTitles":["TimelineGanttView","event row rendering"],"fullName":"TimelineGanttView event row rendering merges recurring occurrences with the same seriesId into one row with multiple bars","status":"passed","title":"merges recurring occurrences with the same seriesId into one row with multiple bars","duration":31.479299999999967,"failureMessages":[],"meta":{}},{"ancestorTitles":["TimelineGanttView","event row rendering"],"fullName":"TimelineGanttView event row rendering renders exactly N Event_Row elements for N non-recurring events (one-to-one mapping)","status":"passed","title":"renders exactly N Event_Row elements for N non-recurring events (one-to-one mapping)","duration":98.33659999999963,"failureMessages":[],"meta":{}},{"ancestorTitles":["TimelineGanttView","event row rendering"],"fullName":"TimelineGanttView event row rendering each Event_Row has a unique data-testid matching event id","status":"passed","title":"each Event_Row has a unique data-testid matching event id","duration":20.06880000000001,"failureMessages":[],"meta":{}},{"ancestorTitles":["TimelineGanttView","event row rendering"],"fullName":"TimelineGanttView event row rendering renders long event titles with CSS ellipsis overflow (Requirement 3.4)","status":"passed","title":"renders long event titles with CSS ellipsis overflow (Requirement 3.4)","duration":24.880999999999403,"failureMessages":[],"meta":{}},{"ancestorTitles":["TimelineGanttView","event row rendering"],"fullName":"TimelineGanttView event row rendering shows full title on hover via title attribute (Requirement 3.4)","status":"passed","title":"shows full title on hover via title attribute (Requirement 3.4)","duration":14.343700000000354,"failureMessages":[],"meta":{}},{"ancestorTitles":["TimelineGanttView","time axis rendering"],"fullName":"TimelineGanttView time axis rendering renders column headers from ganttColumns","status":"passed","title":"renders column headers from ganttColumns","duration":14.982500000000073,"failureMessages":[],"meta":{}},{"ancestorTitles":["TimelineGanttView","time axis rendering"],"fullName":"TimelineGanttView time axis rendering renders '事件' label in the first column header","status":"passed","title":"renders '事件' label in the first column header","duration":18.574399999999514,"failureMessages":[],"meta":{}},{"ancestorTitles":["TimelineGanttView","color legend rendering"],"fullName":"TimelineGanttView color legend rendering renders Color Legend with all 4 statuses (Requirement 7.5)","status":"passed","title":"renders Color Legend with all 4 statuses (Requirement 7.5)","duration":18.84400000000005,"failureMessages":[],"meta":{}},{"ancestorTitles":["TimelineGanttView","event bar rendering"],"fullName":"TimelineGanttView event bar rendering renders exactly one continuous bar per visible event","status":"passed","title":"renders exactly one continuous bar per visible event","duration":24.341599999999744,"failureMessages":[],"meta":{}},{"ancestorTitles":["TimelineGanttView","event bar rendering"],"fullName":"TimelineGanttView event bar rendering renders point event (null endTime) as one compact bar","status":"passed","title":"renders point event (null endTime) as one compact bar","duration":14.70679999999993,"failureMessages":[],"meta":{}},{"ancestorTitles":["TimelineGanttView","event bar rendering"],"fullName":"TimelineGanttView event bar rendering renders one continuous bar for month / quarter / year scales","status":"passed","title":"renders one continuous bar for month / quarter / year scales","duration":51.85599999999977,"failureMessages":[],"meta":{}},{"ancestorTitles":["TimelineGanttView","event bar rendering"],"fullName":"TimelineGanttView event bar rendering renders one continuous bar on week scale","status":"passed","title":"renders one continuous bar on week scale","duration":18.05529999999999,"failureMessages":[],"meta":{}},{"ancestorTitles":["TimelineGanttView","state priority"],"fullName":"TimelineGanttView state priority error state takes priority over loading","status":"passed","title":"error state takes priority over loading","duration":8.148800000000847,"failureMessages":[],"meta":{}},{"ancestorTitles":["TimelineGanttView","state priority"],"fullName":"TimelineGanttView state priority empty state shows when events are empty and not loading or errored","status":"passed","title":"empty state shows when events are empty and not loading or errored","duration":5.019500000000335,"failureMessages":[],"meta":{}},{"ancestorTitles":["TimelineGanttView","event bar styling"],"fullName":"TimelineGanttView event bar styling EVENT_STATUS_COLORS is defined for all status values (legend)","status":"passed","title":"EVENT_STATUS_COLORS is defined for all status values (legend)","duration":1.8819000000003143,"failureMessages":[],"meta":{}},{"ancestorTitles":["TimelineGanttView","event bar styling"],"fullName":"TimelineGanttView event bar styling rendered continuous bar uses event status color","status":"passed","title":"rendered continuous bar uses event status color","duration":23.260800000000017,"failureMessages":[],"meta":{}},{"ancestorTitles":["TimelineGanttView","event bar styling"],"fullName":"TimelineGanttView event bar styling empty day cells are hairline tracks, not bordered capsules","status":"passed","title":"empty day cells are hairline tracks, not bordered capsules","duration":12.594200000001365,"failureMessages":[],"meta":{}},{"ancestorTitles":["TimelineGanttView","event bar styling"],"fullName":"TimelineGanttView event bar styling left label shows status dot and truncates long titles","status":"passed","title":"left label shows status dot and truncates long titles","duration":17.290100000000166,"failureMessages":[],"meta":{}}],"startTime":1786432330136,"endTime":1786432330941.29,"status":"passed","message":"","name":"C:/Users/Wing/Desktop/IntelligenceMonitor/web/src/pages/timeline/gantt/TimelineGanttView.test.tsx"}]}